{"contracts/interfaces/ILPCallback.sol":{"l":{},"path":"/Users/nick/Documents/plugin-algebra/contracts/interfaces/ILPCallback.sol","s":{},"b":{},"f":{},"fnMap":{},"statementMap":{},"branchMap":{}},"contracts/interfaces/ILPPluginFactory.sol":{"l":{},"path":"/Users/nick/Documents/plugin-algebra/contracts/interfaces/ILPPluginFactory.sol","s":{},"b":{},"f":{},"fnMap":{},"statementMap":{},"branchMap":{}},"contracts/interfaces/ILPToken.sol":{"l":{},"path":"/Users/nick/Documents/plugin-algebra/contracts/interfaces/ILPToken.sol","s":{},"b":{},"f":{},"fnMap":{},"statementMap":{},"branchMap":{}},"contracts/interfaces/ILPTokenFactory.sol":{"l":{},"path":"/Users/nick/Documents/plugin-algebra/contracts/interfaces/ILPTokenFactory.sol","s":{},"b":{},"f":{},"fnMap":{},"statementMap":{},"branchMap":{}},"contracts/libraries/CallbackStructs.sol":{"l":{},"path":"/Users/nick/Documents/plugin-algebra/contracts/libraries/CallbackStructs.sol","s":{},"b":{},"f":{},"fnMap":{},"statementMap":{},"branchMap":{}},"contracts/LPCallback.sol":{"l":{"22":12,"23":12,"24":12,"25":12,"37":28,"38":28,"39":28,"41":28,"42":24,"43":28,"44":25,"55":28,"56":28,"64":28,"73":28,"82":49,"83":49,"87":0,"88":0,"91":0,"94":49},"path":"/Users/nick/Documents/plugin-algebra/contracts/LPCallback.sol","s":{"1":28,"2":28,"3":28,"4":28,"5":24,"6":28,"7":25,"8":28,"9":28,"10":28,"11":49,"12":49,"13":0,"14":0,"15":49,"16":0,"17":49},"b":{"1":[28,0],"2":[24,4],"3":[25,3],"4":[0,49],"5":[0,49]},"f":{"1":12,"2":28,"3":28,"4":49},"fnMap":{"1":{"name":"constructor","line":21,"loc":{"start":{"line":21,"column":4},"end":{"line":30,"column":4}}},"2":{"name":"algebraMintCallback","line":32,"loc":{"start":{"line":32,"column":4},"end":{"line":45,"column":4}}},"3":{"name":"mint","line":47,"loc":{"start":{"line":47,"column":4},"end":{"line":74,"column":4}}},"4":{"name":"_pay","line":76,"loc":{"start":{"line":76,"column":4},"end":{"line":96,"column":4}}}},"statementMap":{"1":{"start":{"line":37,"column":8},"end":{"line":37,"column":110}},"2":{"start":{"line":38,"column":8},"end":{"line":38,"column":64}},"3":{"start":{"line":39,"column":8},"end":{"line":39,"column":53}},"4":{"start":{"line":41,"column":8},"end":{"line":41,"column":1622}},"5":{"start":{"line":42,"column":12},"end":{"line":42,"column":77}},"6":{"start":{"line":43,"column":8},"end":{"line":43,"column":1731}},"7":{"start":{"line":44,"column":12},"end":{"line":44,"column":77}},"8":{"start":{"line":55,"column":8},"end":{"line":55,"column":68}},"9":{"start":{"line":56,"column":8},"end":{"line":56,"column":2114}},"10":{"start":{"line":73,"column":8},"end":{"line":73,"column":80}},"11":{"start":{"line":82,"column":8},"end":{"line":82,"column":77}},"12":{"start":{"line":83,"column":8},"end":{"line":83,"column":2974}},"13":{"start":{"line":87,"column":12},"end":{"line":87,"column":62}},"14":{"start":{"line":88,"column":12},"end":{"line":88,"column":65}},"15":{"start":{"line":89,"column":15},"end":{"line":89,"column":3489}},"16":{"start":{"line":91,"column":12},"end":{"line":91,"column":63}},"17":{"start":{"line":94,"column":12},"end":{"line":94,"column":74}}},"branchMap":{"1":{"line":38,"type":"if","locations":[{"start":{"line":38,"column":8},"end":{"line":38,"column":8}},{"start":{"line":38,"column":8},"end":{"line":38,"column":8}}]},"2":{"line":41,"type":"if","locations":[{"start":{"line":41,"column":8},"end":{"line":41,"column":8}},{"start":{"line":41,"column":8},"end":{"line":41,"column":8}}]},"3":{"line":43,"type":"if","locations":[{"start":{"line":43,"column":8},"end":{"line":43,"column":8}},{"start":{"line":43,"column":8},"end":{"line":43,"column":8}}]},"4":{"line":83,"type":"if","locations":[{"start":{"line":83,"column":8},"end":{"line":83,"column":8}},{"start":{"line":83,"column":8},"end":{"line":83,"column":8}}]},"5":{"line":89,"type":"if","locations":[{"start":{"line":89,"column":15},"end":{"line":89,"column":15}},{"start":{"line":89,"column":15},"end":{"line":89,"column":15}}]}}},"contracts/LPPlugin.sol":{"l":{"73":12,"78":12,"79":12,"80":12,"86":28,"87":28,"96":12,"97":12,"108":44,"109":28,"110":28,"115":44,"128":44,"129":28,"138":44,"150":2,"151":2,"152":0,"156":2,"157":2,"161":2,"170":14,"172":14,"173":14,"176":14,"177":14,"179":8,"203":14,"208":8,"220":0,"226":0,"227":0,"228":0,"238":8,"253":8,"260":8,"273":8,"283":8,"287":8,"292":8,"294":8,"298":8,"306":8,"316":8,"323":60,"325":44,"327":16,"336":36,"339":36,"346":36,"356":28,"357":28,"358":28,"360":28,"361":12,"370":12,"371":12,"373":12,"374":12,"375":12,"377":16,"378":16,"383":16,"387":16,"388":16,"395":0,"398":16,"399":0,"403":28,"411":50,"422":8,"435":8},"path":"/Users/nick/Documents/plugin-algebra/contracts/LPPlugin.sol","s":{"1":12,"2":28,"3":28,"4":12,"5":12,"6":44,"7":28,"8":44,"9":44,"10":28,"11":44,"12":2,"13":2,"14":2,"15":2,"16":14,"17":14,"18":14,"19":14,"20":14,"21":14,"22":8,"23":0,"24":0,"25":0,"26":8,"27":8,"28":8,"29":8,"30":8,"31":8,"32":8,"33":8,"34":8,"35":8,"36":60,"37":36,"38":36,"39":28,"40":28,"41":28,"42":28,"43":12,"44":12,"45":12,"46":16,"47":16,"48":16,"49":16,"50":28,"51":8},"b":{"1":[12,0],"2":[44,0],"3":[28,16],"4":[44,0],"5":[28,16],"6":[2,0],"7":[14,0],"8":[8,6],"9":[0,0],"10":[0,0],"11":[8,0],"12":[8,0],"13":[8,0],"14":[4,4],"15":[8,0],"16":[44,16],"17":[12,16],"18":[16,0],"19":[0,16]},"f":{"1":12,"2":28,"3":12,"4":44,"5":44,"6":2,"7":14,"8":14,"9":0,"10":0,"11":8,"12":60,"13":36,"14":28,"15":50,"16":8},"fnMap":{"1":{"name":"constructor","line":72,"loc":{"start":{"line":68,"column":4},"end":{"line":81,"column":4}}},"2":{"name":"parseCalldata","line":85,"loc":{"start":{"line":85,"column":4},"end":{"line":88,"column":4}}},"3":{"name":"beforeInitialize","line":95,"loc":{"start":{"line":92,"column":4},"end":{"line":98,"column":4}}},"4":{"name":"beforeModifyPosition","line":107,"loc":{"start":{"line":100,"column":4},"end":{"line":116,"column":4}}},"5":{"name":"afterModifyPosition","line":127,"loc":{"start":{"line":118,"column":4},"end":{"line":139,"column":4}}},"6":{"name":"beforeSwap","line":149,"loc":{"start":{"line":141,"column":4},"end":{"line":162,"column":4}}},"7":{"name":"withdraw","line":164,"loc":{"start":{"line":164,"column":4},"end":{"line":191,"column":4}}},"8":{"name":"_burnLPTokens","line":198,"loc":{"start":{"line":198,"column":4},"end":{"line":209,"column":4}}},"9":{"name":"_authorize","line":219,"loc":{"start":{"line":219,"column":4},"end":{"line":221,"column":4}}},"10":{"name":"setPluginFeeRate","line":225,"loc":{"start":{"line":225,"column":4},"end":{"line":229,"column":4}}},"11":{"name":"onERC721Received","line":232,"loc":{"start":{"line":232,"column":4},"end":{"line":317,"column":4}}},"12":{"name":"convertToken0ToToken1","line":319,"loc":{"start":{"line":319,"column":4},"end":{"line":329,"column":4}}},"13":{"name":"positionValue","line":331,"loc":{"start":{"line":331,"column":4},"end":{"line":347,"column":4}}},"14":{"name":"_mintLPTokens","line":349,"loc":{"start":{"line":349,"column":4},"end":{"line":404,"column":4}}},"15":{"name":"getPositionKey","line":406,"loc":{"start":{"line":406,"column":4},"end":{"line":417,"column":4}}},"16":{"name":"_collect","line":419,"loc":{"start":{"line":419,"column":4},"end":{"line":456,"column":4}}}},"statementMap":{"1":{"start":{"line":80,"column":8},"end":{"line":80,"column":42}},"2":{"start":{"line":86,"column":8},"end":{"line":86,"column":76}},"3":{"start":{"line":87,"column":8},"end":{"line":87,"column":20}},"4":{"start":{"line":96,"column":8},"end":{"line":96,"column":53}},"5":{"start":{"line":97,"column":8},"end":{"line":97,"column":55}},"6":{"start":{"line":108,"column":8},"end":{"line":108,"column":4239}},"7":{"start":{"line":109,"column":12},"end":{"line":109,"column":51}},"8":{"start":{"line":115,"column":8},"end":{"line":115,"column":64}},"9":{"start":{"line":128,"column":8},"end":{"line":128,"column":4852}},"10":{"start":{"line":129,"column":12},"end":{"line":129,"column":4912}},"11":{"start":{"line":138,"column":8},"end":{"line":138,"column":58}},"12":{"start":{"line":150,"column":8},"end":{"line":150,"column":18}},"13":{"start":{"line":151,"column":8},"end":{"line":151,"column":5403}},"14":{"start":{"line":156,"column":12},"end":{"line":156,"column":52}},"15":{"start":{"line":161,"column":8},"end":{"line":161,"column":59}},"16":{"start":{"line":170,"column":8},"end":{"line":170,"column":61}},"17":{"start":{"line":172,"column":8},"end":{"line":172,"column":73}},"18":{"start":{"line":173,"column":8},"end":{"line":173,"column":6228}},"19":{"start":{"line":176,"column":8},"end":{"line":176,"column":51}},"20":{"start":{"line":177,"column":8},"end":{"line":177,"column":57}},"21":{"start":{"line":203,"column":8},"end":{"line":203,"column":7114}},"22":{"start":{"line":208,"column":8},"end":{"line":208,"column":50}},"23":{"start":{"line":220,"column":8},"end":{"line":220,"column":59}},"24":{"start":{"line":226,"column":8},"end":{"line":226,"column":19}},"25":{"start":{"line":227,"column":8},"end":{"line":227,"column":56}},"26":{"start":{"line":238,"column":8},"end":{"line":238,"column":8515}},"27":{"start":{"line":253,"column":8},"end":{"line":253,"column":8770}},"28":{"start":{"line":260,"column":8},"end":{"line":260,"column":8999}},"29":{"start":{"line":283,"column":8},"end":{"line":283,"column":9848}},"30":{"start":{"line":287,"column":8},"end":{"line":287,"column":9989}},"31":{"start":{"line":292,"column":8},"end":{"line":292,"column":69}},"32":{"start":{"line":294,"column":8},"end":{"line":294,"column":10210}},"33":{"start":{"line":298,"column":8},"end":{"line":298,"column":10346}},"34":{"start":{"line":306,"column":8},"end":{"line":306,"column":10499}},"35":{"start":{"line":316,"column":8},"end":{"line":316,"column":56}},"36":{"start":{"line":323,"column":8},"end":{"line":323,"column":11007}},"37":{"start":{"line":336,"column":8},"end":{"line":336,"column":11494}},"38":{"start":{"line":339,"column":8},"end":{"line":339,"column":11604}},"39":{"start":{"line":356,"column":8},"end":{"line":356,"column":69}},"40":{"start":{"line":357,"column":8},"end":{"line":357,"column":30}},"41":{"start":{"line":358,"column":8},"end":{"line":358,"column":24}},"42":{"start":{"line":360,"column":8},"end":{"line":360,"column":12290}},"43":{"start":{"line":361,"column":12},"end":{"line":361,"column":12343}},"44":{"start":{"line":370,"column":12},"end":{"line":370,"column":132}},"45":{"start":{"line":373,"column":12},"end":{"line":373,"column":68}},"46":{"start":{"line":378,"column":12},"end":{"line":378,"column":55}},"47":{"start":{"line":383,"column":12},"end":{"line":383,"column":13487}},"48":{"start":{"line":387,"column":12},"end":{"line":387,"column":13633}},"49":{"start":{"line":398,"column":12},"end":{"line":398,"column":14108}},"50":{"start":{"line":403,"column":8},"end":{"line":403,"column":46}},"51":{"start":{"line":422,"column":8},"end":{"line":422,"column":14764}}},"branchMap":{"1":{"line":95,"type":"if","locations":[{"start":{"line":95,"column":24},"end":{"line":95,"column":24}},{"start":{"line":95,"column":24},"end":{"line":95,"column":24}}]},"2":{"line":107,"type":"if","locations":[{"start":{"line":107,"column":32},"end":{"line":107,"column":32}},{"start":{"line":107,"column":32},"end":{"line":107,"column":32}}]},"3":{"line":108,"type":"if","locations":[{"start":{"line":108,"column":8},"end":{"line":108,"column":8}},{"start":{"line":108,"column":8},"end":{"line":108,"column":8}}]},"4":{"line":127,"type":"if","locations":[{"start":{"line":127,"column":24},"end":{"line":127,"column":24}},{"start":{"line":127,"column":24},"end":{"line":127,"column":24}}]},"5":{"line":128,"type":"if","locations":[{"start":{"line":128,"column":8},"end":{"line":128,"column":8}},{"start":{"line":128,"column":8},"end":{"line":128,"column":8}}]},"6":{"line":149,"type":"if","locations":[{"start":{"line":149,"column":32},"end":{"line":149,"column":32}},{"start":{"line":149,"column":32},"end":{"line":149,"column":32}}]},"7":{"line":170,"type":"if","locations":[{"start":{"line":170,"column":8},"end":{"line":170,"column":8}},{"start":{"line":170,"column":8},"end":{"line":170,"column":8}}]},"8":{"line":203,"type":"if","locations":[{"start":{"line":203,"column":8},"end":{"line":203,"column":8}},{"start":{"line":203,"column":8},"end":{"line":203,"column":8}}]},"9":{"line":220,"type":"if","locations":[{"start":{"line":220,"column":8},"end":{"line":220,"column":8}},{"start":{"line":220,"column":8},"end":{"line":220,"column":8}}]},"10":{"line":227,"type":"if","locations":[{"start":{"line":227,"column":8},"end":{"line":227,"column":8}},{"start":{"line":227,"column":8},"end":{"line":227,"column":8}}]},"11":{"line":253,"type":"if","locations":[{"start":{"line":253,"column":8},"end":{"line":253,"column":8}},{"start":{"line":253,"column":8},"end":{"line":253,"column":8}}]},"12":{"line":283,"type":"if","locations":[{"start":{"line":283,"column":8},"end":{"line":283,"column":8}},{"start":{"line":283,"column":8},"end":{"line":283,"column":8}}]},"13":{"line":287,"type":"if","locations":[{"start":{"line":287,"column":8},"end":{"line":287,"column":8}},{"start":{"line":287,"column":8},"end":{"line":287,"column":8}}]},"14":{"line":295,"type":"if","locations":[{"start":{"line":295,"column":14},"end":{"line":295,"column":62}},{"start":{"line":296,"column":14},"end":{"line":296,"column":14}}]},"15":{"line":306,"type":"if","locations":[{"start":{"line":306,"column":8},"end":{"line":306,"column":8}},{"start":{"line":306,"column":8},"end":{"line":306,"column":8}}]},"16":{"line":323,"type":"if","locations":[{"start":{"line":323,"column":8},"end":{"line":323,"column":8}},{"start":{"line":323,"column":8},"end":{"line":323,"column":8}}]},"17":{"line":360,"type":"if","locations":[{"start":{"line":360,"column":8},"end":{"line":360,"column":8}},{"start":{"line":360,"column":8},"end":{"line":360,"column":8}}]},"18":{"line":387,"type":"if","locations":[{"start":{"line":387,"column":12},"end":{"line":387,"column":12}},{"start":{"line":387,"column":12},"end":{"line":387,"column":12}}]},"19":{"line":398,"type":"if","locations":[{"start":{"line":398,"column":12},"end":{"line":398,"column":12}},{"start":{"line":398,"column":12},"end":{"line":398,"column":12}}]}}},"contracts/LPPluginFactory.sol":{"l":{"43":12,"44":12,"51":0,"61":0,"68":0,"75":0,"84":0,"85":0,"86":0,"87":0,"89":0,"91":0,"98":0,"102":12,"103":12,"114":0,"115":0,"118":0,"120":0},"path":"/Users/nick/Documents/plugin-algebra/contracts/LPPluginFactory.sol","s":{"1":0,"2":0,"3":0,"4":0,"5":0,"6":0,"7":0,"8":0,"9":0,"10":12,"11":12,"12":0,"13":0,"14":0},"b":{"1":[0,0],"2":[0,0],"3":[0,0],"4":[0,0],"5":[0,0],"6":[0,0],"7":[0,0],"8":[0,0]},"f":{"1":12,"2":0,"3":0,"4":0,"5":0,"6":0,"7":0,"8":12,"9":0},"fnMap":{"1":{"name":"constructor","line":42,"loc":{"start":{"line":38,"column":4},"end":{"line":45,"column":4}}},"2":{"name":"setTickSpacing","line":50,"loc":{"start":{"line":47,"column":4},"end":{"line":55,"column":4}}},"3":{"name":"setPlugin","line":60,"loc":{"start":{"line":57,"column":4},"end":{"line":65,"column":4}}},"4":{"name":"setPluginConfig","line":67,"loc":{"start":{"line":67,"column":4},"end":{"line":72,"column":4}}},"5":{"name":"setFee","line":74,"loc":{"start":{"line":74,"column":4},"end":{"line":76,"column":4}}},"6":{"name":"collectFee","line":83,"loc":{"start":{"line":78,"column":4},"end":{"line":92,"column":4}}},"7":{"name":"setPluginFeeRate","line":97,"loc":{"start":{"line":94,"column":4},"end":{"line":99,"column":4}}},"8":{"name":"_createPlugin","line":101,"loc":{"start":{"line":101,"column":4},"end":{"line":104,"column":4}}},"9":{"name":"deploy","line":112,"loc":{"start":{"line":112,"column":4},"end":{"line":121,"column":4}}}},"statementMap":{"1":{"start":{"line":51,"column":8},"end":{"line":51,"column":1700}},"2":{"start":{"line":61,"column":8},"end":{"line":61,"column":1944}},"3":{"start":{"line":68,"column":8},"end":{"line":68,"column":2157}},"4":{"start":{"line":75,"column":8},"end":{"line":75,"column":68}},"5":{"start":{"line":84,"column":8},"end":{"line":84,"column":22}},"6":{"start":{"line":85,"column":8},"end":{"line":85,"column":63}},"7":{"start":{"line":86,"column":8},"end":{"line":86,"column":2688}},"8":{"start":{"line":91,"column":8},"end":{"line":91,"column":73}},"9":{"start":{"line":98,"column":8},"end":{"line":98,"column":52}},"10":{"start":{"line":102,"column":8},"end":{"line":102,"column":75}},"11":{"start":{"line":103,"column":8},"end":{"line":103,"column":30}},"12":{"start":{"line":114,"column":8},"end":{"line":114,"column":77}},"13":{"start":{"line":118,"column":8},"end":{"line":118,"column":53}},"14":{"start":{"line":120,"column":8},"end":{"line":120,"column":21}}},"branchMap":{"1":{"line":50,"type":"if","locations":[{"start":{"line":50,"column":15},"end":{"line":50,"column":15}},{"start":{"line":50,"column":15},"end":{"line":50,"column":15}}]},"2":{"line":60,"type":"if","locations":[{"start":{"line":60,"column":15},"end":{"line":60,"column":15}},{"start":{"line":60,"column":15},"end":{"line":60,"column":15}}]},"3":{"line":67,"type":"if","locations":[{"start":{"line":67,"column":69},"end":{"line":67,"column":69}},{"start":{"line":67,"column":69},"end":{"line":67,"column":69}}]},"4":{"line":74,"type":"if","locations":[{"start":{"line":74,"column":58},"end":{"line":74,"column":58}},{"start":{"line":74,"column":58},"end":{"line":74,"column":58}}]},"5":{"line":83,"type":"if","locations":[{"start":{"line":83,"column":15},"end":{"line":83,"column":15}},{"start":{"line":83,"column":15},"end":{"line":83,"column":15}}]},"6":{"line":86,"type":"if","locations":[{"start":{"line":86,"column":8},"end":{"line":86,"column":8}},{"start":{"line":86,"column":8},"end":{"line":86,"column":8}}]},"7":{"line":97,"type":"if","locations":[{"start":{"line":97,"column":15},"end":{"line":97,"column":15}},{"start":{"line":97,"column":15},"end":{"line":97,"column":15}}]},"8":{"line":112,"type":"if","locations":[{"start":{"line":112,"column":43},"end":{"line":112,"column":43}},{"start":{"line":112,"column":43},"end":{"line":112,"column":43}}]}}},"contracts/LPToken.sol":{"l":{"33":28,"43":8},"path":"/Users/nick/Documents/plugin-algebra/contracts/LPToken.sol","s":{"1":28,"2":8},"b":{"1":[28,0],"2":[8,0]},"f":{"1":12,"2":28,"3":8},"fnMap":{"1":{"name":"constructor","line":24,"loc":{"start":{"line":21,"column":4},"end":{"line":24,"column":47}}},"2":{"name":"mint","line":32,"loc":{"start":{"line":32,"column":4},"end":{"line":34,"column":4}}},"3":{"name":"burn","line":42,"loc":{"start":{"line":42,"column":4},"end":{"line":44,"column":4}}}},"statementMap":{"1":{"start":{"line":33,"column":8},"end":{"line":33,"column":24}},"2":{"start":{"line":43,"column":8},"end":{"line":43,"column":26}}},"branchMap":{"1":{"line":32,"type":"if","locations":[{"start":{"line":32,"column":55},"end":{"line":32,"column":55}},{"start":{"line":32,"column":55},"end":{"line":32,"column":55}}]},"2":{"line":42,"type":"if","locations":[{"start":{"line":42,"column":57},"end":{"line":42,"column":57}},{"start":{"line":42,"column":57},"end":{"line":42,"column":57}}]}}},"contracts/LPTokenFactory.sol":{"l":{"12":12,"13":12,"14":12},"path":"/Users/nick/Documents/plugin-algebra/contracts/LPTokenFactory.sol","s":{"1":12,"2":12,"3":12},"b":{},"f":{"1":12,"2":12},"fnMap":{"1":{"name":"constructor","line":9,"loc":{"start":{"line":9,"column":4},"end":{"line":9,"column":19}}},"2":{"name":"create","line":11,"loc":{"start":{"line":11,"column":4},"end":{"line":15,"column":4}}}},"statementMap":{"1":{"start":{"line":12,"column":8},"end":{"line":12,"column":49}},"2":{"start":{"line":13,"column":8},"end":{"line":13,"column":42}},"3":{"start":{"line":14,"column":8},"end":{"line":14,"column":29}}},"branchMap":{}},"contracts/mocks/MockToken.sol":{"l":{"22":108},"path":"/Users/nick/Documents/plugin-algebra/contracts/mocks/MockToken.sol","s":{"1":108},"b":{},"f":{"1":24,"2":108},"fnMap":{"1":{"name":"constructor","line":14,"loc":{"start":{"line":11,"column":4},"end":{"line":14,"column":29}}},"2":{"name":"mint","line":21,"loc":{"start":{"line":21,"column":4},"end":{"line":23,"column":4}}}},"statementMap":{"1":{"start":{"line":22,"column":8},"end":{"line":22,"column":24}}},"branchMap":{}},"contracts/testUtils/TestUtils.sol":{"l":{"19":6},"path":"/Users/nick/Documents/plugin-algebra/contracts/testUtils/TestUtils.sol","s":{"1":6},"b":{},"f":{"1":12,"2":6},"fnMap":{"1":{"name":"constructor","line":6,"loc":{"start":{"line":6,"column":4},"end":{"line":6,"column":19}}},"2":{"name":"getAmountsForLiquidity2","line":8,"loc":{"start":{"line":8,"column":4},"end":{"line":26,"column":4}}}},"statementMap":{"1":{"start":{"line":19,"column":8},"end":{"line":19,"column":502}}},"branchMap":{}}}