TN:
SF:/Users/nick/Documents/plugin-algebra/contracts/interfaces/ILPCallback.sol
FNF:0
FNH:0
LF:0
LH:0
BRF:0
BRH:0
end_of_record
TN:
SF:/Users/nick/Documents/plugin-algebra/contracts/interfaces/ILPPluginFactory.sol
FNF:0
FNH:0
LF:0
LH:0
BRF:0
BRH:0
end_of_record
TN:
SF:/Users/nick/Documents/plugin-algebra/contracts/interfaces/ILPToken.sol
FNF:0
FNH:0
LF:0
LH:0
BRF:0
BRH:0
end_of_record
TN:
SF:/Users/nick/Documents/plugin-algebra/contracts/interfaces/ILPTokenFactory.sol
FNF:0
FNH:0
LF:0
LH:0
BRF:0
BRH:0
end_of_record
TN:
SF:/Users/nick/Documents/plugin-algebra/contracts/libraries/CallbackStructs.sol
FNF:0
FNH:0
LF:0
LH:0
BRF:0
BRH:0
end_of_record
TN:
SF:/Users/nick/Documents/plugin-algebra/contracts/LPCallback.sol
FN:21,constructor
FN:32,algebraMintCallback
FN:47,mint
FN:76,_pay
FNF:4
FNH:4
FNDA:12,constructor
FNDA:28,algebraMintCallback
FNDA:28,mint
FNDA:49,_pay
DA:22,12
DA:23,12
DA:24,12
DA:25,12
DA:37,28
DA:38,28
DA:39,28
DA:41,28
DA:42,24
DA:43,28
DA:44,25
DA:55,28
DA:56,28
DA:64,28
DA:73,28
DA:82,49
DA:83,49
DA:87,0
DA:88,0
DA:91,0
DA:94,49
LF:21
LH:18
BRDA:38,1,0,28
BRDA:38,1,1,0
BRDA:41,2,0,24
BRDA:41,2,1,4
BRDA:43,3,0,25
BRDA:43,3,1,3
BRDA:83,4,0,0
BRDA:83,4,1,49
BRDA:89,5,0,0
BRDA:89,5,1,49
BRF:10
BRH:7
end_of_record
TN:
SF:/Users/nick/Documents/plugin-algebra/contracts/LPPlugin.sol
FN:72,constructor
FN:85,parseCalldata
FN:95,beforeInitialize
FN:107,beforeModifyPosition
FN:127,afterModifyPosition
FN:149,beforeSwap
FN:164,withdraw
FN:198,_burnLPTokens
FN:219,_authorize
FN:225,setPluginFeeRate
FN:232,onERC721Received
FN:319,convertToken0ToToken1
FN:331,positionValue
FN:349,_mintLPTokens
FN:406,getPositionKey
FN:419,_collect
FNF:16
FNH:14
FNDA:12,constructor
FNDA:28,parseCalldata
FNDA:12,beforeInitialize
FNDA:44,beforeModifyPosition
FNDA:44,afterModifyPosition
FNDA:2,beforeSwap
FNDA:14,withdraw
FNDA:14,_burnLPTokens
FNDA:0,_authorize
FNDA:0,setPluginFeeRate
FNDA:8,onERC721Received
FNDA:60,convertToken0ToToken1
FNDA:36,positionValue
FNDA:28,_mintLPTokens
FNDA:50,getPositionKey
FNDA:8,_collect
DA:73,12
DA:78,12
DA:79,12
DA:80,12
DA:86,28
DA:87,28
DA:96,12
DA:97,12
DA:108,44
DA:109,28
DA:110,28
DA:115,44
DA:128,44
DA:129,28
DA:138,44
DA:150,2
DA:151,2
DA:152,0
DA:156,2
DA:157,2
DA:161,2
DA:170,14
DA:172,14
DA:173,14
DA:176,14
DA:177,14
DA:179,8
DA:203,14
DA:208,8
DA:220,0
DA:226,0
DA:227,0
DA:228,0
DA:238,8
DA:253,8
DA:260,8
DA:273,8
DA:283,8
DA:287,8
DA:292,8
DA:294,8
DA:298,8
DA:306,8
DA:316,8
DA:323,60
DA:325,44
DA:327,16
DA:336,36
DA:339,36
DA:346,36
DA:356,28
DA:357,28
DA:358,28
DA:360,28
DA:361,12
DA:370,12
DA:371,12
DA:373,12
DA:374,12
DA:375,12
DA:377,16
DA:378,16
DA:383,16
DA:387,16
DA:388,16
DA:395,0
DA:398,16
DA:399,0
DA:403,28
DA:411,50
DA:422,8
DA:435,8
LF:72
LH:65
BRDA:95,1,0,12
BRDA:95,1,1,0
BRDA:107,2,0,44
BRDA:107,2,1,0
BRDA:108,3,0,28
BRDA:108,3,1,16
BRDA:127,4,0,44
BRDA:127,4,1,0
BRDA:128,5,0,28
BRDA:128,5,1,16
BRDA:149,6,0,2
BRDA:149,6,1,0
BRDA:170,7,0,14
BRDA:170,7,1,0
BRDA:203,8,0,8
BRDA:203,8,1,6
BRDA:220,9,0,0
BRDA:220,9,1,0
BRDA:227,10,0,0
BRDA:227,10,1,0
BRDA:253,11,0,8
BRDA:253,11,1,0
BRDA:283,12,0,8
BRDA:283,12,1,0
BRDA:287,13,0,8
BRDA:287,13,1,0
BRDA:295,14,0,4
BRDA:295,14,1,4
BRDA:306,15,0,8
BRDA:306,15,1,0
BRDA:323,16,0,44
BRDA:323,16,1,16
BRDA:360,17,0,12
BRDA:360,17,1,16
BRDA:387,18,0,16
BRDA:387,18,1,0
BRDA:398,19,0,0
BRDA:398,19,1,16
BRF:38
BRH:23
end_of_record
TN:
SF:/Users/nick/Documents/plugin-algebra/contracts/LPPluginFactory.sol
FN:42,constructor
FN:50,setTickSpacing
FN:60,setPlugin
FN:67,setPluginConfig
FN:74,setFee
FN:83,collectFee
FN:97,setPluginFeeRate
FN:101,_createPlugin
FN:112,deploy
FNF:9
FNH:2
FNDA:12,constructor
FNDA:0,setTickSpacing
FNDA:0,setPlugin
FNDA:0,setPluginConfig
FNDA:0,setFee
FNDA:0,collectFee
FNDA:0,setPluginFeeRate
FNDA:12,_createPlugin
FNDA:0,deploy
DA:43,12
DA:44,12
DA:51,0
DA:61,0
DA:68,0
DA:75,0
DA:84,0
DA:85,0
DA:86,0
DA:87,0
DA:89,0
DA:91,0
DA:98,0
DA:102,12
DA:103,12
DA:114,0
DA:115,0
DA:118,0
DA:120,0
LF:19
LH:4
BRDA:50,1,0,0
BRDA:50,1,1,0
BRDA:60,2,0,0
BRDA:60,2,1,0
BRDA:67,3,0,0
BRDA:67,3,1,0
BRDA:74,4,0,0
BRDA:74,4,1,0
BRDA:83,5,0,0
BRDA:83,5,1,0
BRDA:86,6,0,0
BRDA:86,6,1,0
BRDA:97,7,0,0
BRDA:97,7,1,0
BRDA:112,8,0,0
BRDA:112,8,1,0
BRF:16
BRH:0
end_of_record
TN:
SF:/Users/nick/Documents/plugin-algebra/contracts/LPToken.sol
FN:24,constructor
FN:32,mint
FN:42,burn
FNF:3
FNH:3
FNDA:12,constructor
FNDA:28,mint
FNDA:8,burn
DA:33,28
DA:43,8
LF:2
LH:2
BRDA:32,1,0,28
BRDA:32,1,1,0
BRDA:42,2,0,8
BRDA:42,2,1,0
BRF:4
BRH:2
end_of_record
TN:
SF:/Users/nick/Documents/plugin-algebra/contracts/LPTokenFactory.sol
FN:9,constructor
FN:11,create
FNF:2
FNH:2
FNDA:12,constructor
FNDA:12,create
DA:12,12
DA:13,12
DA:14,12
LF:3
LH:3
BRF:0
BRH:0
end_of_record
TN:
SF:/Users/nick/Documents/plugin-algebra/contracts/mocks/MockToken.sol
FN:14,constructor
FN:21,mint
FNF:2
FNH:2
FNDA:24,constructor
FNDA:108,mint
DA:22,108
LF:1
LH:1
BRF:0
BRH:0
end_of_record
TN:
SF:/Users/nick/Documents/plugin-algebra/contracts/testUtils/TestUtils.sol
FN:6,constructor
FN:8,getAmountsForLiquidity2
FNF:2
FNH:2
FNDA:12,constructor
FNDA:6,getAmountsForLiquidity2
DA:19,6
LF:1
LH:1
BRF:0
BRH:0
end_of_record
